<?xml version="1.0" encoding="UTF-8"?>
<!-- Generated by org.testng.reporters.JUnitReportReporter -->
<testsuite skipped="0" hostname="Sairams-Air" name="TestNGDemo.AssertClassDemo" tests="2" failures="0" timestamp="08 Jul 2020 17:42:49 GMT" time="0.115" errors="0">
  <testcase name="getTitle" time="0.020" classname="TestNGDemo.AssertClassDemo"/>
  <testcase name="checkLogoIsDisplayed" time="0.095" classname="TestNGDemo.AssertClassDemo"/>
</testsuite> <!-- TestNGDemo.AssertClassDemo -->
