<?xml version="1.0" encoding="UTF-8"?>
<!-- Generated by org.testng.reporters.JUnitReportReporter -->
<testsuite skipped="0" hostname="Sairams-Air" name="TestNGDemo.SampleTestNG" tests="3" failures="0" timestamp="07 Jul 2020 17:38:00 GMT" time="0.057" errors="0">
  <testcase name="GoogleSendMail" time="0.007" classname="TestNGDemo.SampleTestNG"/>
  <testcase name="GoogleTest" time="0.011" classname="TestNGDemo.SampleTestNG"/>
  <testcase name="GoogleSearch" time="0.039" classname="TestNGDemo.SampleTestNG"/>
</testsuite> <!-- TestNGDemo.SampleTestNG -->
