<?xml version="1.0" encoding="UTF-8"?>
<!-- Generated by org.testng.reporters.JUnitReportReporter -->
<testsuite skipped="0" hostname="Sairams-Air" name="TestNGDemo.TestNgGroupsDemo" tests="6" failures="0" timestamp="08 Jul 2020 18:00:21 GMT" time="0.035" errors="0">
  <testcase name="test3" time="0.002" classname="TestNGDemo.TestNgGroupsDemo"/>
  <testcase name="test1" time="0.006" classname="TestNGDemo.TestNgGroupsDemo"/>
  <testcase name="test4" time="0.002" classname="TestNGDemo.TestNgGroupsDemo"/>
  <testcase name="test2" time="0.009" classname="TestNGDemo.TestNgGroupsDemo"/>
  <testcase name="test" time="0.014" classname="TestNGDemo.TestNgGroupsDemo"/>
  <testcase name="test5" time="0.002" classname="TestNGDemo.TestNgGroupsDemo"/>
</testsuite> <!-- TestNGDemo.TestNgGroupsDemo -->
